c:\users\billy\repositories\jet-go-kart\app_design\bin\intermediates\debug\vc143.pdb
c:\users\billy\repositories\jet-go-kart\app_design\bin\intermediates\debug\vc143.idb
c:\users\billy\repositories\jet-go-kart\app_design\bin\intermediates\debug\imgui_impl_win32.obj
c:\users\billy\repositories\jet-go-kart\app_design\bin\intermediates\debug\imgui_impl_dx11.obj
c:\users\billy\repositories\jet-go-kart\app_design\bin\intermediates\debug\imgui_widgets.obj
c:\users\billy\repositories\jet-go-kart\app_design\bin\intermediates\debug\imgui_tables.obj
c:\users\billy\repositories\jet-go-kart\app_design\bin\intermediates\debug\imgui_draw.obj
c:\users\billy\repositories\jet-go-kart\app_design\bin\intermediates\debug\imgui_demo.obj
c:\users\billy\repositories\jet-go-kart\app_design\bin\intermediates\debug\imgui.obj
c:\users\billy\repositories\jet-go-kart\app_design\bin\intermediates\debug\main.obj
c:\users\billy\repositories\jet-go-kart\app_design\bin\debug\jetop.exe
c:\users\billy\repositories\jet-go-kart\app_design\bin\debug\jetop.pdb
c:\users\billy\repositories\jet-go-kart\app_design\bin\intermediates\debug\jetop.ilk
c:\users\billy\repositories\jet-go-kart\app_design\bin\intermediates\debug\jetop.vcxproj.filelistabsolute.txt
c:\users\billy\repositories\jet-go-kart\app_design\bin\intermediates\debug\jetop.tlog\cl.command.1.tlog
c:\users\billy\repositories\jet-go-kart\app_design\bin\intermediates\debug\jetop.tlog\cl.items.tlog
c:\users\billy\repositories\jet-go-kart\app_design\bin\intermediates\debug\jetop.tlog\cl.read.1.tlog
c:\users\billy\repositories\jet-go-kart\app_design\bin\intermediates\debug\jetop.tlog\cl.write.1.tlog
c:\users\billy\repositories\jet-go-kart\app_design\bin\intermediates\debug\jetop.tlog\link.command.1.tlog
c:\users\billy\repositories\jet-go-kart\app_design\bin\intermediates\debug\jetop.tlog\link.read.1.tlog
c:\users\billy\repositories\jet-go-kart\app_design\bin\intermediates\debug\jetop.tlog\link.secondary.1.tlog
c:\users\billy\repositories\jet-go-kart\app_design\bin\intermediates\debug\jetop.tlog\link.write.1.tlog
